2024-03-14 13:49:01,412 INFO org.springframework.boot.StartupInfoLogger [main] Starting Application v1.0.0 using Java 11.0.22 on zaag with PID 14209 (/home/mehedi/Documents/Electron/electron-app/resource/rms-backend-1.0.0.jar started by mehedi in /home/mehedi/Documents/Electron/electron-app)
2024-03-14 13:49:01,423 INFO org.springframework.boot.SpringApplication [main] The following 1 profile is active: "dev"
2024-03-14 13:49:01,439 INFO org.hibernate.validator.internal.util.Version [background-preinit] HV000001: Hibernate Validator 6.2.5.Final
2024-03-14 13:49:05,070 INFO org.springframework.data.repository.config.RepositoryConfigurationDelegate [main] Bootstrapping Spring Data JPA repositories in DEFAULT mode.
2024-03-14 13:49:05,814 INFO org.springframework.data.repository.config.RepositoryConfigurationDelegate [main] Finished Spring Data repository scanning in 731 ms. Found 69 JPA repository interfaces.
2024-03-14 13:49:07,973 INFO org.springframework.boot.web.embedded.tomcat.TomcatWebServer [main] Tomcat initialized with port(s): 8050 (http)
2024-03-14 13:49:07,996 INFO org.apache.juli.logging.DirectJDKLog [main] Initializing ProtocolHandler ["http-nio-8050"]
2024-03-14 13:49:07,998 INFO org.apache.juli.logging.DirectJDKLog [main] Starting service [Tomcat]
2024-03-14 13:49:07,999 INFO org.apache.juli.logging.DirectJDKLog [main] Starting Servlet engine: [Apache Tomcat/9.0.71]
2024-03-14 13:49:08,262 INFO org.apache.juli.logging.DirectJDKLog [main] Initializing Spring embedded WebApplicationContext
2024-03-14 13:49:08,262 INFO org.springframework.boot.web.servlet.context.ServletWebServerApplicationContext [main] Root WebApplicationContext: initialization completed in 6586 ms
2024-03-14 13:49:09,716 INFO org.hibernate.jpa.internal.util.LogHelper [main] HHH000204: Processing PersistenceUnitInfo [name: default]
2024-03-14 13:49:09,997 INFO org.hibernate.Version [main] HHH000412: Hibernate ORM core version 5.6.15.Final
2024-03-14 13:49:10,530 INFO org.hibernate.annotations.common.reflection.java.JavaReflectionManager [main] HCANN000001: Hibernate Commons Annotations {5.1.2.Final}
2024-03-14 13:49:10,885 INFO com.zaxxer.hikari.HikariDataSource [main] HikariPool-1 - Starting...
2024-03-14 13:49:11,192 INFO com.zaxxer.hikari.HikariDataSource [main] HikariPool-1 - Start completed.
2024-03-14 13:49:11,292 INFO org.hibernate.dialect.Dialect [main] HHH000400: Using dialect: org.hibernate.dialect.MariaDB103Dialect
2024-03-14 13:49:20,141 INFO org.hibernate.engine.transaction.jta.platform.internal.JtaPlatformInitiator [main] HHH000490: Using JtaPlatform implementation: [org.hibernate.engine.transaction.jta.platform.internal.NoJtaPlatform]
2024-03-14 13:49:20,166 INFO org.springframework.orm.jpa.AbstractEntityManagerFactoryBean [main] Initialized JPA EntityManagerFactory for persistence unit 'default'
2024-03-14 13:49:28,804 INFO com.rms.rmsbackend.configs.FirebaseConfig [main] Trying to initialize firebase connection.
2024-03-14 13:49:29,013 INFO com.rms.rmsbackend.configs.FirebaseConfig [main] Successfully initialize firebase connection.
2024-03-14 13:49:29,014 INFO com.rms.rmsbackend.configs.StripeConfig [main] Trying to initialize Stripe API key.
2024-03-14 13:49:29,016 INFO com.rms.rmsbackend.configs.StripeConfig [main] Successfully initialize Stripe API key.
2024-03-14 13:49:31,422 INFO org.springframework.boot.actuate.endpoint.web.EndpointLinksResolver [main] Exposing 3 endpoint(s) beneath base path '/actuator'
2024-03-14 13:49:31,464 INFO org.springframework.security.web.DefaultSecurityFilterChain [main] Will secure any request with [org.springframework.security.web.session.DisableEncodeUrlFilter@57ce8f63, org.springframework.security.web.context.request.async.WebAsyncManagerIntegrationFilter@1d92d132, org.springframework.security.web.context.SecurityContextPersistenceFilter@2ab0ca04, org.springframework.security.web.header.HeaderWriterFilter@5a2ce458, org.springframework.web.filter.CorsFilter@59acb725, org.springframework.security.web.authentication.logout.LogoutFilter@6e925a46, com.rms.rmsbackend.securities.JwtAuthenticationTokenFilter@18324f97, org.springframework.security.web.savedrequest.RequestCacheAwareFilter@2b55ac77, org.springframework.security.web.servletapi.SecurityContextHolderAwareRequestFilter@1c5c0d2a, org.springframework.security.web.authentication.AnonymousAuthenticationFilter@2291fb1, org.springframework.security.web.session.SessionManagementFilter@d3e9629, org.springframework.security.web.access.ExceptionTranslationFilter@f6921b7, org.springframework.security.web.access.intercept.FilterSecurityInterceptor@6285027a]
2024-03-14 13:49:31,473 WARN org.springframework.security.config.annotation.web.builders.WebSecurity [main] You are asking Spring Security to ignore Ant [pattern='/']. This is not recommended -- please use permitAll via HttpSecurity#authorizeHttpRequests instead.
2024-03-14 13:49:31,473 INFO org.springframework.security.web.DefaultSecurityFilterChain [main] Will not secure Ant [pattern='/']
2024-03-14 13:49:31,474 WARN org.springframework.security.config.annotation.web.builders.WebSecurity [main] You are asking Spring Security to ignore Ant [pattern='/api/1.0.0']. This is not recommended -- please use permitAll via HttpSecurity#authorizeHttpRequests instead.
2024-03-14 13:49:31,474 INFO org.springframework.security.web.DefaultSecurityFilterChain [main] Will not secure Ant [pattern='/api/1.0.0']
2024-03-14 13:49:31,475 WARN org.springframework.security.config.annotation.web.builders.WebSecurity [main] You are asking Spring Security to ignore Ant [pattern='/error']. This is not recommended -- please use permitAll via HttpSecurity#authorizeHttpRequests instead.
2024-03-14 13:49:31,475 INFO org.springframework.security.web.DefaultSecurityFilterChain [main] Will not secure Ant [pattern='/error']
2024-03-14 13:49:31,475 WARN org.springframework.security.config.annotation.web.builders.WebSecurity [main] You are asking Spring Security to ignore Ant [pattern='/swagger-*/**']. This is not recommended -- please use permitAll via HttpSecurity#authorizeHttpRequests instead.
2024-03-14 13:49:31,475 INFO org.springframework.security.web.DefaultSecurityFilterChain [main] Will not secure Ant [pattern='/swagger-*/**']
2024-03-14 13:49:31,476 WARN org.springframework.security.config.annotation.web.builders.WebSecurity [main] You are asking Spring Security to ignore Ant [pattern='/webjars/**']. This is not recommended -- please use permitAll via HttpSecurity#authorizeHttpRequests instead.
2024-03-14 13:49:31,476 INFO org.springframework.security.web.DefaultSecurityFilterChain [main] Will not secure Ant [pattern='/webjars/**']
2024-03-14 13:49:31,476 WARN org.springframework.security.config.annotation.web.builders.WebSecurity [main] You are asking Spring Security to ignore Ant [pattern='/v3/api-docs/**']. This is not recommended -- please use permitAll via HttpSecurity#authorizeHttpRequests instead.
2024-03-14 13:49:31,477 INFO org.springframework.security.web.DefaultSecurityFilterChain [main] Will not secure Ant [pattern='/v3/api-docs/**']
2024-03-14 13:49:31,477 WARN org.springframework.security.config.annotation.web.builders.WebSecurity [main] You are asking Spring Security to ignore Ant [pattern='/csrf']. This is not recommended -- please use permitAll via HttpSecurity#authorizeHttpRequests instead.
2024-03-14 13:49:31,477 INFO org.springframework.security.web.DefaultSecurityFilterChain [main] Will not secure Ant [pattern='/csrf']
2024-03-14 13:49:31,477 WARN org.springframework.security.config.annotation.web.builders.WebSecurity [main] You are asking Spring Security to ignore Ant [pattern='/favicon.ico']. This is not recommended -- please use permitAll via HttpSecurity#authorizeHttpRequests instead.
2024-03-14 13:49:31,478 INFO org.springframework.security.web.DefaultSecurityFilterChain [main] Will not secure Ant [pattern='/favicon.ico']
2024-03-14 13:49:32,552 INFO org.apache.juli.logging.DirectJDKLog [main] Starting ProtocolHandler ["http-nio-8050"]
2024-03-14 13:49:32,655 INFO org.springframework.boot.web.embedded.tomcat.TomcatWebServer [main] Tomcat started on port(s): 8050 (http) with context path ''
2024-03-14 13:49:32,733 INFO org.springframework.boot.StartupInfoLogger [main] Started Application in 33.008 seconds (JVM running for 34.66)
2024-03-14 13:49:33,415 INFO com.rms.rmsbackend.InitialSeeder [main] User already exists with credentials: admin@mail.com +8801688820107
2024-03-14 13:49:33,464 INFO com.rms.rmsbackend.InitialSeeder [main] Initial restaurant already exist
2024-03-14 13:49:33,511 WARN com.rms.rmsbackend.services.OrderService [ForkJoinPool.commonPool-worker-3] ======================Expired order cancellation started=====================
2024-03-14 13:49:33,524 WARN com.rms.rmsbackend.services.OrderService [ForkJoinPool.commonPool-worker-3] ======================Expired order cancellation completed=====================
2024-03-14 13:51:29,182 INFO org.springframework.boot.StartupInfoLogger [main] Starting Application v1.0.0 using Java 11.0.22 on zaag with PID 14475 (/home/mehedi/Documents/Electron/electron-app/resource/rms-backend-1.0.0.jar started by mehedi in /home/mehedi/Documents/Electron/electron-app)
2024-03-14 13:51:29,188 INFO org.springframework.boot.SpringApplication [main] The following 1 profile is active: "dev"
2024-03-14 13:51:29,199 INFO org.hibernate.validator.internal.util.Version [background-preinit] HV000001: Hibernate Validator 6.2.5.Final
2024-03-14 13:51:32,244 INFO org.springframework.data.repository.config.RepositoryConfigurationDelegate [main] Bootstrapping Spring Data JPA repositories in DEFAULT mode.
2024-03-14 13:51:32,800 INFO org.springframework.data.repository.config.RepositoryConfigurationDelegate [main] Finished Spring Data repository scanning in 544 ms. Found 69 JPA repository interfaces.
2024-03-14 13:51:34,157 INFO org.springframework.boot.web.embedded.tomcat.TomcatWebServer [main] Tomcat initialized with port(s): 8050 (http)
2024-03-14 13:51:34,171 INFO org.apache.juli.logging.DirectJDKLog [main] Initializing ProtocolHandler ["http-nio-8050"]
2024-03-14 13:51:34,171 INFO org.apache.juli.logging.DirectJDKLog [main] Starting service [Tomcat]
2024-03-14 13:51:34,172 INFO org.apache.juli.logging.DirectJDKLog [main] Starting Servlet engine: [Apache Tomcat/9.0.71]
2024-03-14 13:51:34,281 INFO org.apache.juli.logging.DirectJDKLog [main] Initializing Spring embedded WebApplicationContext
2024-03-14 13:51:34,281 INFO org.springframework.boot.web.servlet.context.ServletWebServerApplicationContext [main] Root WebApplicationContext: initialization completed in 4919 ms
2024-03-14 13:51:34,763 INFO org.hibernate.jpa.internal.util.LogHelper [main] HHH000204: Processing PersistenceUnitInfo [name: default]
2024-03-14 13:51:34,908 INFO org.hibernate.Version [main] HHH000412: Hibernate ORM core version 5.6.15.Final
2024-03-14 13:51:35,116 INFO org.hibernate.annotations.common.reflection.java.JavaReflectionManager [main] HCANN000001: Hibernate Commons Annotations {5.1.2.Final}
2024-03-14 13:51:35,270 INFO com.zaxxer.hikari.HikariDataSource [main] HikariPool-1 - Starting...
2024-03-14 13:51:35,377 INFO com.zaxxer.hikari.HikariDataSource [main] HikariPool-1 - Start completed.
2024-03-14 13:51:35,401 INFO org.hibernate.dialect.Dialect [main] HHH000400: Using dialect: org.hibernate.dialect.MariaDB103Dialect
2024-03-14 13:51:39,197 INFO org.hibernate.engine.transaction.jta.platform.internal.JtaPlatformInitiator [main] HHH000490: Using JtaPlatform implementation: [org.hibernate.engine.transaction.jta.platform.internal.NoJtaPlatform]
2024-03-14 13:51:39,212 INFO org.springframework.orm.jpa.AbstractEntityManagerFactoryBean [main] Initialized JPA EntityManagerFactory for persistence unit 'default'
2024-03-14 13:51:46,904 INFO com.rms.rmsbackend.configs.FirebaseConfig [main] Trying to initialize firebase connection.
2024-03-14 13:51:47,107 INFO com.rms.rmsbackend.configs.FirebaseConfig [main] Successfully initialize firebase connection.
2024-03-14 13:51:47,110 INFO com.rms.rmsbackend.configs.StripeConfig [main] Trying to initialize Stripe API key.
2024-03-14 13:51:47,112 INFO com.rms.rmsbackend.configs.StripeConfig [main] Successfully initialize Stripe API key.
2024-03-14 13:51:49,068 INFO org.springframework.boot.actuate.endpoint.web.EndpointLinksResolver [main] Exposing 3 endpoint(s) beneath base path '/actuator'
2024-03-14 13:51:49,113 INFO org.springframework.security.web.DefaultSecurityFilterChain [main] Will secure any request with [org.springframework.security.web.session.DisableEncodeUrlFilter@46e2a773, org.springframework.security.web.context.request.async.WebAsyncManagerIntegrationFilter@4ec1192f, org.springframework.security.web.context.SecurityContextPersistenceFilter@4b158e16, org.springframework.security.web.header.HeaderWriterFilter@68ad030d, org.springframework.web.filter.CorsFilter@b926efa, org.springframework.security.web.authentication.logout.LogoutFilter@30ee413a, com.rms.rmsbackend.securities.JwtAuthenticationTokenFilter@703feacd, org.springframework.security.web.savedrequest.RequestCacheAwareFilter@ebcf6c0, org.springframework.security.web.servletapi.SecurityContextHolderAwareRequestFilter@438fcca3, org.springframework.security.web.authentication.AnonymousAuthenticationFilter@3653bb61, org.springframework.security.web.session.SessionManagementFilter@5e756b8d, org.springframework.security.web.access.ExceptionTranslationFilter@5b285847, org.springframework.security.web.access.intercept.FilterSecurityInterceptor@1703e50d]
2024-03-14 13:51:49,123 WARN org.springframework.security.config.annotation.web.builders.WebSecurity [main] You are asking Spring Security to ignore Ant [pattern='/']. This is not recommended -- please use permitAll via HttpSecurity#authorizeHttpRequests instead.
2024-03-14 13:51:49,126 INFO org.springframework.security.web.DefaultSecurityFilterChain [main] Will not secure Ant [pattern='/']
2024-03-14 13:51:49,127 WARN org.springframework.security.config.annotation.web.builders.WebSecurity [main] You are asking Spring Security to ignore Ant [pattern='/api/1.0.0']. This is not recommended -- please use permitAll via HttpSecurity#authorizeHttpRequests instead.
2024-03-14 13:51:49,128 INFO org.springframework.security.web.DefaultSecurityFilterChain [main] Will not secure Ant [pattern='/api/1.0.0']
2024-03-14 13:51:49,129 WARN org.springframework.security.config.annotation.web.builders.WebSecurity [main] You are asking Spring Security to ignore Ant [pattern='/error']. This is not recommended -- please use permitAll via HttpSecurity#authorizeHttpRequests instead.
2024-03-14 13:51:49,129 INFO org.springframework.security.web.DefaultSecurityFilterChain [main] Will not secure Ant [pattern='/error']
2024-03-14 13:51:49,130 WARN org.springframework.security.config.annotation.web.builders.WebSecurity [main] You are asking Spring Security to ignore Ant [pattern='/swagger-*/**']. This is not recommended -- please use permitAll via HttpSecurity#authorizeHttpRequests instead.
2024-03-14 13:51:49,131 INFO org.springframework.security.web.DefaultSecurityFilterChain [main] Will not secure Ant [pattern='/swagger-*/**']
2024-03-14 13:51:49,132 WARN org.springframework.security.config.annotation.web.builders.WebSecurity [main] You are asking Spring Security to ignore Ant [pattern='/webjars/**']. This is not recommended -- please use permitAll via HttpSecurity#authorizeHttpRequests instead.
2024-03-14 13:51:49,132 INFO org.springframework.security.web.DefaultSecurityFilterChain [main] Will not secure Ant [pattern='/webjars/**']
2024-03-14 13:51:49,133 WARN org.springframework.security.config.annotation.web.builders.WebSecurity [main] You are asking Spring Security to ignore Ant [pattern='/v3/api-docs/**']. This is not recommended -- please use permitAll via HttpSecurity#authorizeHttpRequests instead.
2024-03-14 13:51:49,133 INFO org.springframework.security.web.DefaultSecurityFilterChain [main] Will not secure Ant [pattern='/v3/api-docs/**']
2024-03-14 13:51:49,134 WARN org.springframework.security.config.annotation.web.builders.WebSecurity [main] You are asking Spring Security to ignore Ant [pattern='/csrf']. This is not recommended -- please use permitAll via HttpSecurity#authorizeHttpRequests instead.
2024-03-14 13:51:49,134 INFO org.springframework.security.web.DefaultSecurityFilterChain [main] Will not secure Ant [pattern='/csrf']
2024-03-14 13:51:49,135 WARN org.springframework.security.config.annotation.web.builders.WebSecurity [main] You are asking Spring Security to ignore Ant [pattern='/favicon.ico']. This is not recommended -- please use permitAll via HttpSecurity#authorizeHttpRequests instead.
2024-03-14 13:51:49,135 INFO org.springframework.security.web.DefaultSecurityFilterChain [main] Will not secure Ant [pattern='/favicon.ico']
2024-03-14 13:51:49,890 INFO org.apache.juli.logging.DirectJDKLog [main] Starting ProtocolHandler ["http-nio-8050"]
2024-03-14 13:51:49,896 WARN org.springframework.context.support.AbstractApplicationContext [main] Exception encountered during context initialization - cancelling refresh attempt: org.springframework.context.ApplicationContextException: Failed to start bean 'webServerStartStop'; nested exception is org.springframework.boot.web.server.PortInUseException: Port 8050 is already in use
2024-03-14 13:51:49,941 INFO org.springframework.orm.jpa.AbstractEntityManagerFactoryBean [main] Closing JPA EntityManagerFactory for persistence unit 'default'
2024-03-14 13:51:49,943 INFO com.zaxxer.hikari.HikariDataSource [main] HikariPool-1 - Shutdown initiated...
2024-03-14 13:51:49,949 INFO com.zaxxer.hikari.HikariDataSource [main] HikariPool-1 - Shutdown completed.
2024-03-14 13:51:49,953 INFO org.apache.juli.logging.DirectJDKLog [main] Pausing ProtocolHandler ["http-nio-8050"]
2024-03-14 13:51:49,954 INFO org.apache.juli.logging.DirectJDKLog [main] Stopping service [Tomcat]
2024-03-14 13:51:49,959 INFO org.apache.juli.logging.DirectJDKLog [main] Stopping ProtocolHandler ["http-nio-8050"]
2024-03-14 13:51:49,959 INFO org.apache.juli.logging.DirectJDKLog [main] Destroying ProtocolHandler ["http-nio-8050"]
2024-03-14 13:51:49,978 INFO org.springframework.boot.autoconfigure.logging.ConditionEvaluationReportLoggingListener [main] 

Error starting ApplicationContext. To display the conditions report re-run your application with 'debug' enabled.
2024-03-14 13:51:50,038 ERROR org.springframework.boot.diagnostics.LoggingFailureAnalysisReporter [main] 

***************************
APPLICATION FAILED TO START
***************************

Description:

Web server failed to start. Port 8050 was already in use.

Action:

Identify and stop the process that's listening on port 8050 or configure this application to listen on another port.

2024-03-14 13:53:02,786 INFO org.springframework.boot.StartupInfoLogger [main] Starting Application v1.0.0 using Java 11.0.22 on zaag with PID 14690 (/home/mehedi/Documents/Electron/electron-app/resource/rms-backend-1.0.0.jar started by mehedi in /home/mehedi/Documents/Electron/electron-app)
2024-03-14 13:53:02,793 INFO org.springframework.boot.SpringApplication [main] The following 1 profile is active: "dev"
2024-03-14 13:53:02,792 INFO org.hibernate.validator.internal.util.Version [background-preinit] HV000001: Hibernate Validator 6.2.5.Final
2024-03-14 13:53:06,256 INFO org.springframework.data.repository.config.RepositoryConfigurationDelegate [main] Bootstrapping Spring Data JPA repositories in DEFAULT mode.
2024-03-14 13:53:07,040 INFO org.springframework.data.repository.config.RepositoryConfigurationDelegate [main] Finished Spring Data repository scanning in 770 ms. Found 69 JPA repository interfaces.
2024-03-14 13:53:08,943 INFO org.springframework.boot.web.embedded.tomcat.TomcatWebServer [main] Tomcat initialized with port(s): 8050 (http)
2024-03-14 13:53:08,957 INFO org.apache.juli.logging.DirectJDKLog [main] Initializing ProtocolHandler ["http-nio-8050"]
2024-03-14 13:53:08,958 INFO org.apache.juli.logging.DirectJDKLog [main] Starting service [Tomcat]
2024-03-14 13:53:08,959 INFO org.apache.juli.logging.DirectJDKLog [main] Starting Servlet engine: [Apache Tomcat/9.0.71]
2024-03-14 13:53:09,062 INFO org.apache.juli.logging.DirectJDKLog [main] Initializing Spring embedded WebApplicationContext
2024-03-14 13:53:09,063 INFO org.springframework.boot.web.servlet.context.ServletWebServerApplicationContext [main] Root WebApplicationContext: initialization completed in 6060 ms
2024-03-14 13:53:09,987 INFO org.hibernate.jpa.internal.util.LogHelper [main] HHH000204: Processing PersistenceUnitInfo [name: default]
2024-03-14 13:53:10,095 INFO org.hibernate.Version [main] HHH000412: Hibernate ORM core version 5.6.15.Final
2024-03-14 13:53:10,413 INFO org.hibernate.annotations.common.reflection.java.JavaReflectionManager [main] HCANN000001: Hibernate Commons Annotations {5.1.2.Final}
2024-03-14 13:53:10,735 INFO com.zaxxer.hikari.HikariDataSource [main] HikariPool-1 - Starting...
2024-03-14 13:53:10,893 INFO com.zaxxer.hikari.HikariDataSource [main] HikariPool-1 - Start completed.
2024-03-14 13:53:10,934 INFO org.hibernate.dialect.Dialect [main] HHH000400: Using dialect: org.hibernate.dialect.MariaDB103Dialect
2024-03-14 13:53:15,869 INFO org.hibernate.engine.transaction.jta.platform.internal.JtaPlatformInitiator [main] HHH000490: Using JtaPlatform implementation: [org.hibernate.engine.transaction.jta.platform.internal.NoJtaPlatform]
2024-03-14 13:53:15,889 INFO org.springframework.orm.jpa.AbstractEntityManagerFactoryBean [main] Initialized JPA EntityManagerFactory for persistence unit 'default'
2024-03-14 13:53:25,630 INFO com.rms.rmsbackend.configs.FirebaseConfig [main] Trying to initialize firebase connection.
2024-03-14 13:53:25,887 INFO com.rms.rmsbackend.configs.FirebaseConfig [main] Successfully initialize firebase connection.
2024-03-14 13:53:25,889 INFO com.rms.rmsbackend.configs.StripeConfig [main] Trying to initialize Stripe API key.
2024-03-14 13:53:25,893 INFO com.rms.rmsbackend.configs.StripeConfig [main] Successfully initialize Stripe API key.
2024-03-14 13:53:29,071 INFO org.springframework.boot.actuate.endpoint.web.EndpointLinksResolver [main] Exposing 3 endpoint(s) beneath base path '/actuator'
2024-03-14 13:53:29,138 INFO org.springframework.security.web.DefaultSecurityFilterChain [main] Will secure any request with [org.springframework.security.web.session.DisableEncodeUrlFilter@b926efa, org.springframework.security.web.context.request.async.WebAsyncManagerIntegrationFilter@3653bb61, org.springframework.security.web.context.SecurityContextPersistenceFilter@17d6b6e, org.springframework.security.web.header.HeaderWriterFilter@333afc53, org.springframework.web.filter.CorsFilter@65595be7, org.springframework.security.web.authentication.logout.LogoutFilter@6d598162, com.rms.rmsbackend.securities.JwtAuthenticationTokenFilter@703feacd, org.springframework.security.web.savedrequest.RequestCacheAwareFilter@68330024, org.springframework.security.web.servletapi.SecurityContextHolderAwareRequestFilter@425a3af5, org.springframework.security.web.authentication.AnonymousAuthenticationFilter@23972e02, org.springframework.security.web.session.SessionManagementFilter@72e5f018, org.springframework.security.web.access.ExceptionTranslationFilter@360b6ea1, org.springframework.security.web.access.intercept.FilterSecurityInterceptor@6cfa20c1]
2024-03-14 13:53:29,149 WARN org.springframework.security.config.annotation.web.builders.WebSecurity [main] You are asking Spring Security to ignore Ant [pattern='/']. This is not recommended -- please use permitAll via HttpSecurity#authorizeHttpRequests instead.
2024-03-14 13:53:29,150 INFO org.springframework.security.web.DefaultSecurityFilterChain [main] Will not secure Ant [pattern='/']
2024-03-14 13:53:29,151 WARN org.springframework.security.config.annotation.web.builders.WebSecurity [main] You are asking Spring Security to ignore Ant [pattern='/api/1.0.0']. This is not recommended -- please use permitAll via HttpSecurity#authorizeHttpRequests instead.
2024-03-14 13:53:29,152 INFO org.springframework.security.web.DefaultSecurityFilterChain [main] Will not secure Ant [pattern='/api/1.0.0']
2024-03-14 13:53:29,153 WARN org.springframework.security.config.annotation.web.builders.WebSecurity [main] You are asking Spring Security to ignore Ant [pattern='/error']. This is not recommended -- please use permitAll via HttpSecurity#authorizeHttpRequests instead.
2024-03-14 13:53:29,153 INFO org.springframework.security.web.DefaultSecurityFilterChain [main] Will not secure Ant [pattern='/error']
2024-03-14 13:53:29,154 WARN org.springframework.security.config.annotation.web.builders.WebSecurity [main] You are asking Spring Security to ignore Ant [pattern='/swagger-*/**']. This is not recommended -- please use permitAll via HttpSecurity#authorizeHttpRequests instead.
2024-03-14 13:53:29,155 INFO org.springframework.security.web.DefaultSecurityFilterChain [main] Will not secure Ant [pattern='/swagger-*/**']
2024-03-14 13:53:29,156 WARN org.springframework.security.config.annotation.web.builders.WebSecurity [main] You are asking Spring Security to ignore Ant [pattern='/webjars/**']. This is not recommended -- please use permitAll via HttpSecurity#authorizeHttpRequests instead.
2024-03-14 13:53:29,157 INFO org.springframework.security.web.DefaultSecurityFilterChain [main] Will not secure Ant [pattern='/webjars/**']
2024-03-14 13:53:29,158 WARN org.springframework.security.config.annotation.web.builders.WebSecurity [main] You are asking Spring Security to ignore Ant [pattern='/v3/api-docs/**']. This is not recommended -- please use permitAll via HttpSecurity#authorizeHttpRequests instead.
2024-03-14 13:53:29,158 INFO org.springframework.security.web.DefaultSecurityFilterChain [main] Will not secure Ant [pattern='/v3/api-docs/**']
2024-03-14 13:53:29,159 WARN org.springframework.security.config.annotation.web.builders.WebSecurity [main] You are asking Spring Security to ignore Ant [pattern='/csrf']. This is not recommended -- please use permitAll via HttpSecurity#authorizeHttpRequests instead.
2024-03-14 13:53:29,159 INFO org.springframework.security.web.DefaultSecurityFilterChain [main] Will not secure Ant [pattern='/csrf']
2024-03-14 13:53:29,160 WARN org.springframework.security.config.annotation.web.builders.WebSecurity [main] You are asking Spring Security to ignore Ant [pattern='/favicon.ico']. This is not recommended -- please use permitAll via HttpSecurity#authorizeHttpRequests instead.
2024-03-14 13:53:29,161 INFO org.springframework.security.web.DefaultSecurityFilterChain [main] Will not secure Ant [pattern='/favicon.ico']
2024-03-14 13:53:30,520 INFO org.apache.juli.logging.DirectJDKLog [main] Starting ProtocolHandler ["http-nio-8050"]
2024-03-14 13:53:30,538 WARN org.springframework.context.support.AbstractApplicationContext [main] Exception encountered during context initialization - cancelling refresh attempt: org.springframework.context.ApplicationContextException: Failed to start bean 'webServerStartStop'; nested exception is org.springframework.boot.web.server.PortInUseException: Port 8050 is already in use
2024-03-14 13:53:30,675 INFO org.springframework.orm.jpa.AbstractEntityManagerFactoryBean [main] Closing JPA EntityManagerFactory for persistence unit 'default'
2024-03-14 13:53:30,685 INFO com.zaxxer.hikari.HikariDataSource [main] HikariPool-1 - Shutdown initiated...
2024-03-14 13:53:30,698 INFO com.zaxxer.hikari.HikariDataSource [main] HikariPool-1 - Shutdown completed.
2024-03-14 13:53:30,703 INFO org.apache.juli.logging.DirectJDKLog [main] Pausing ProtocolHandler ["http-nio-8050"]
2024-03-14 13:53:30,703 INFO org.apache.juli.logging.DirectJDKLog [main] Stopping service [Tomcat]
2024-03-14 13:53:30,720 INFO org.apache.juli.logging.DirectJDKLog [main] Stopping ProtocolHandler ["http-nio-8050"]
2024-03-14 13:53:30,721 INFO org.apache.juli.logging.DirectJDKLog [main] Destroying ProtocolHandler ["http-nio-8050"]
2024-03-14 13:53:30,778 INFO org.springframework.boot.autoconfigure.logging.ConditionEvaluationReportLoggingListener [main] 

Error starting ApplicationContext. To display the conditions report re-run your application with 'debug' enabled.
2024-03-14 13:53:30,880 ERROR org.springframework.boot.diagnostics.LoggingFailureAnalysisReporter [main] 

***************************
APPLICATION FAILED TO START
***************************

Description:

Web server failed to start. Port 8050 was already in use.

Action:

Identify and stop the process that's listening on port 8050 or configure this application to listen on another port.

2024-03-14 13:53:51,621 INFO org.hibernate.validator.internal.util.Version [background-preinit] HV000001: Hibernate Validator 6.2.5.Final
2024-03-14 13:53:51,644 INFO org.springframework.boot.StartupInfoLogger [main] Starting Application v1.0.0 using Java 11.0.22 on zaag with PID 15077 (/home/mehedi/Documents/Electron/electron-app/resource/rms-backend-1.0.0.jar started by mehedi in /home/mehedi/Documents/Electron/electron-app)
2024-03-14 13:53:51,651 INFO org.springframework.boot.SpringApplication [main] The following 1 profile is active: "dev"
2024-03-14 13:53:55,017 INFO org.springframework.data.repository.config.RepositoryConfigurationDelegate [main] Bootstrapping Spring Data JPA repositories in DEFAULT mode.
2024-03-14 13:53:55,754 INFO org.springframework.data.repository.config.RepositoryConfigurationDelegate [main] Finished Spring Data repository scanning in 718 ms. Found 69 JPA repository interfaces.
2024-03-14 13:53:57,770 INFO org.springframework.boot.web.embedded.tomcat.TomcatWebServer [main] Tomcat initialized with port(s): 8050 (http)
2024-03-14 13:53:57,789 INFO org.apache.juli.logging.DirectJDKLog [main] Initializing ProtocolHandler ["http-nio-8050"]
2024-03-14 13:53:57,790 INFO org.apache.juli.logging.DirectJDKLog [main] Starting service [Tomcat]
2024-03-14 13:53:57,792 INFO org.apache.juli.logging.DirectJDKLog [main] Starting Servlet engine: [Apache Tomcat/9.0.71]
2024-03-14 13:53:57,888 INFO org.apache.juli.logging.DirectJDKLog [main] Initializing Spring embedded WebApplicationContext
2024-03-14 13:53:57,889 INFO org.springframework.boot.web.servlet.context.ServletWebServerApplicationContext [main] Root WebApplicationContext: initialization completed in 5991 ms
2024-03-14 13:53:58,610 INFO org.hibernate.jpa.internal.util.LogHelper [main] HHH000204: Processing PersistenceUnitInfo [name: default]
2024-03-14 13:53:58,724 INFO org.hibernate.Version [main] HHH000412: Hibernate ORM core version 5.6.15.Final
2024-03-14 13:53:58,936 INFO org.hibernate.annotations.common.reflection.java.JavaReflectionManager [main] HCANN000001: Hibernate Commons Annotations {5.1.2.Final}
2024-03-14 13:53:59,166 INFO com.zaxxer.hikari.HikariDataSource [main] HikariPool-1 - Starting...
2024-03-14 13:53:59,370 INFO com.zaxxer.hikari.HikariDataSource [main] HikariPool-1 - Start completed.
2024-03-14 13:53:59,440 INFO org.hibernate.dialect.Dialect [main] HHH000400: Using dialect: org.hibernate.dialect.MariaDB103Dialect
2024-03-14 13:54:03,858 INFO org.hibernate.engine.transaction.jta.platform.internal.JtaPlatformInitiator [main] HHH000490: Using JtaPlatform implementation: [org.hibernate.engine.transaction.jta.platform.internal.NoJtaPlatform]
2024-03-14 13:54:03,872 INFO org.springframework.orm.jpa.AbstractEntityManagerFactoryBean [main] Initialized JPA EntityManagerFactory for persistence unit 'default'
2024-03-14 13:54:11,846 INFO com.rms.rmsbackend.configs.FirebaseConfig [main] Trying to initialize firebase connection.
2024-03-14 13:54:12,169 INFO com.rms.rmsbackend.configs.FirebaseConfig [main] Successfully initialize firebase connection.
2024-03-14 13:54:12,172 INFO com.rms.rmsbackend.configs.StripeConfig [main] Trying to initialize Stripe API key.
2024-03-14 13:54:12,174 INFO com.rms.rmsbackend.configs.StripeConfig [main] Successfully initialize Stripe API key.
2024-03-14 13:54:14,583 INFO org.springframework.boot.actuate.endpoint.web.EndpointLinksResolver [main] Exposing 3 endpoint(s) beneath base path '/actuator'
2024-03-14 13:54:14,630 INFO org.springframework.security.web.DefaultSecurityFilterChain [main] Will secure any request with [org.springframework.security.web.session.DisableEncodeUrlFilter@3118ed2c, org.springframework.security.web.context.request.async.WebAsyncManagerIntegrationFilter@5bc150e9, org.springframework.security.web.context.SecurityContextPersistenceFilter@35cf7e98, org.springframework.security.web.header.HeaderWriterFilter@4c343088, org.springframework.web.filter.CorsFilter@28fa0ff8, org.springframework.security.web.authentication.logout.LogoutFilter@5d6d6533, com.rms.rmsbackend.securities.JwtAuthenticationTokenFilter@783ec989, org.springframework.security.web.savedrequest.RequestCacheAwareFilter@33ea437a, org.springframework.security.web.servletapi.SecurityContextHolderAwareRequestFilter@360b6ea1, org.springframework.security.web.authentication.AnonymousAuthenticationFilter@726e780a, org.springframework.security.web.session.SessionManagementFilter@42130a5c, org.springframework.security.web.access.ExceptionTranslationFilter@bf2f2ce, org.springframework.security.web.access.intercept.FilterSecurityInterceptor@6970687e]
2024-03-14 13:54:14,634 WARN org.springframework.security.config.annotation.web.builders.WebSecurity [main] You are asking Spring Security to ignore Ant [pattern='/']. This is not recommended -- please use permitAll via HttpSecurity#authorizeHttpRequests instead.
2024-03-14 13:54:14,635 INFO org.springframework.security.web.DefaultSecurityFilterChain [main] Will not secure Ant [pattern='/']
2024-03-14 13:54:14,636 WARN org.springframework.security.config.annotation.web.builders.WebSecurity [main] You are asking Spring Security to ignore Ant [pattern='/api/1.0.0']. This is not recommended -- please use permitAll via HttpSecurity#authorizeHttpRequests instead.
2024-03-14 13:54:14,636 INFO org.springframework.security.web.DefaultSecurityFilterChain [main] Will not secure Ant [pattern='/api/1.0.0']
2024-03-14 13:54:14,636 WARN org.springframework.security.config.annotation.web.builders.WebSecurity [main] You are asking Spring Security to ignore Ant [pattern='/error']. This is not recommended -- please use permitAll via HttpSecurity#authorizeHttpRequests instead.
2024-03-14 13:54:14,637 INFO org.springframework.security.web.DefaultSecurityFilterChain [main] Will not secure Ant [pattern='/error']
2024-03-14 13:54:14,638 WARN org.springframework.security.config.annotation.web.builders.WebSecurity [main] You are asking Spring Security to ignore Ant [pattern='/swagger-*/**']. This is not recommended -- please use permitAll via HttpSecurity#authorizeHttpRequests instead.
2024-03-14 13:54:14,639 INFO org.springframework.security.web.DefaultSecurityFilterChain [main] Will not secure Ant [pattern='/swagger-*/**']
2024-03-14 13:54:14,639 WARN org.springframework.security.config.annotation.web.builders.WebSecurity [main] You are asking Spring Security to ignore Ant [pattern='/webjars/**']. This is not recommended -- please use permitAll via HttpSecurity#authorizeHttpRequests instead.
2024-03-14 13:54:14,639 INFO org.springframework.security.web.DefaultSecurityFilterChain [main] Will not secure Ant [pattern='/webjars/**']
2024-03-14 13:54:14,640 WARN org.springframework.security.config.annotation.web.builders.WebSecurity [main] You are asking Spring Security to ignore Ant [pattern='/v3/api-docs/**']. This is not recommended -- please use permitAll via HttpSecurity#authorizeHttpRequests instead.
2024-03-14 13:54:14,640 INFO org.springframework.security.web.DefaultSecurityFilterChain [main] Will not secure Ant [pattern='/v3/api-docs/**']
2024-03-14 13:54:14,640 WARN org.springframework.security.config.annotation.web.builders.WebSecurity [main] You are asking Spring Security to ignore Ant [pattern='/csrf']. This is not recommended -- please use permitAll via HttpSecurity#authorizeHttpRequests instead.
2024-03-14 13:54:14,641 INFO org.springframework.security.web.DefaultSecurityFilterChain [main] Will not secure Ant [pattern='/csrf']
2024-03-14 13:54:14,641 WARN org.springframework.security.config.annotation.web.builders.WebSecurity [main] You are asking Spring Security to ignore Ant [pattern='/favicon.ico']. This is not recommended -- please use permitAll via HttpSecurity#authorizeHttpRequests instead.
2024-03-14 13:54:14,642 INFO org.springframework.security.web.DefaultSecurityFilterChain [main] Will not secure Ant [pattern='/favicon.ico']
2024-03-14 13:54:15,502 INFO org.apache.juli.logging.DirectJDKLog [main] Starting ProtocolHandler ["http-nio-8050"]
2024-03-14 13:54:15,508 WARN org.springframework.context.support.AbstractApplicationContext [main] Exception encountered during context initialization - cancelling refresh attempt: org.springframework.context.ApplicationContextException: Failed to start bean 'webServerStartStop'; nested exception is org.springframework.boot.web.server.PortInUseException: Port 8050 is already in use
2024-03-14 13:54:15,591 INFO org.springframework.orm.jpa.AbstractEntityManagerFactoryBean [main] Closing JPA EntityManagerFactory for persistence unit 'default'
2024-03-14 13:54:15,596 INFO com.zaxxer.hikari.HikariDataSource [main] HikariPool-1 - Shutdown initiated...
2024-03-14 13:54:15,604 INFO com.zaxxer.hikari.HikariDataSource [main] HikariPool-1 - Shutdown completed.
2024-03-14 13:54:15,609 INFO org.apache.juli.logging.DirectJDKLog [main] Pausing ProtocolHandler ["http-nio-8050"]
2024-03-14 13:54:15,609 INFO org.apache.juli.logging.DirectJDKLog [main] Stopping service [Tomcat]
2024-03-14 13:54:15,615 INFO org.apache.juli.logging.DirectJDKLog [main] Stopping ProtocolHandler ["http-nio-8050"]
2024-03-14 13:54:15,616 INFO org.apache.juli.logging.DirectJDKLog [main] Destroying ProtocolHandler ["http-nio-8050"]
2024-03-14 13:54:15,644 INFO org.springframework.boot.autoconfigure.logging.ConditionEvaluationReportLoggingListener [main] 

Error starting ApplicationContext. To display the conditions report re-run your application with 'debug' enabled.
2024-03-14 13:54:15,680 ERROR org.springframework.boot.diagnostics.LoggingFailureAnalysisReporter [main] 

***************************
APPLICATION FAILED TO START
***************************

Description:

Web server failed to start. Port 8050 was already in use.

Action:

Identify and stop the process that's listening on port 8050 or configure this application to listen on another port.

2024-03-14 13:54:23,069 INFO org.springframework.boot.StartupInfoLogger [main] Starting Application v1.0.0 using Java 11.0.22 on zaag with PID 15173 (/home/mehedi/Documents/Electron/electron-app/resource/rms-backend-1.0.0.jar started by mehedi in /home/mehedi/Documents/Electron/electron-app)
2024-03-14 13:54:23,076 INFO org.springframework.boot.SpringApplication [main] The following 1 profile is active: "dev"
2024-03-14 13:54:23,089 INFO org.hibernate.validator.internal.util.Version [background-preinit] HV000001: Hibernate Validator 6.2.5.Final
2024-03-14 13:54:26,466 INFO org.springframework.data.repository.config.RepositoryConfigurationDelegate [main] Bootstrapping Spring Data JPA repositories in DEFAULT mode.
2024-03-14 13:54:27,282 INFO org.springframework.data.repository.config.RepositoryConfigurationDelegate [main] Finished Spring Data repository scanning in 796 ms. Found 69 JPA repository interfaces.
2024-03-14 13:54:28,906 INFO org.springframework.boot.web.embedded.tomcat.TomcatWebServer [main] Tomcat initialized with port(s): 8050 (http)
2024-03-14 13:54:28,926 INFO org.apache.juli.logging.DirectJDKLog [main] Initializing ProtocolHandler ["http-nio-8050"]
2024-03-14 13:54:28,928 INFO org.apache.juli.logging.DirectJDKLog [main] Starting service [Tomcat]
2024-03-14 13:54:28,929 INFO org.apache.juli.logging.DirectJDKLog [main] Starting Servlet engine: [Apache Tomcat/9.0.71]
2024-03-14 13:54:29,052 INFO org.apache.juli.logging.DirectJDKLog [main] Initializing Spring embedded WebApplicationContext
2024-03-14 13:54:29,052 INFO org.springframework.boot.web.servlet.context.ServletWebServerApplicationContext [main] Root WebApplicationContext: initialization completed in 5761 ms
2024-03-14 13:54:29,639 INFO org.hibernate.jpa.internal.util.LogHelper [main] HHH000204: Processing PersistenceUnitInfo [name: default]
2024-03-14 13:54:29,727 INFO org.hibernate.Version [main] HHH000412: Hibernate ORM core version 5.6.15.Final
2024-03-14 13:54:30,074 INFO org.hibernate.annotations.common.reflection.java.JavaReflectionManager [main] HCANN000001: Hibernate Commons Annotations {5.1.2.Final}
2024-03-14 13:54:30,248 INFO com.zaxxer.hikari.HikariDataSource [main] HikariPool-1 - Starting...
2024-03-14 13:54:30,383 INFO com.zaxxer.hikari.HikariDataSource [main] HikariPool-1 - Start completed.
2024-03-14 13:54:30,411 INFO org.hibernate.dialect.Dialect [main] HHH000400: Using dialect: org.hibernate.dialect.MariaDB103Dialect
2024-03-14 13:54:35,178 INFO org.hibernate.engine.transaction.jta.platform.internal.JtaPlatformInitiator [main] HHH000490: Using JtaPlatform implementation: [org.hibernate.engine.transaction.jta.platform.internal.NoJtaPlatform]
2024-03-14 13:54:35,198 INFO org.springframework.orm.jpa.AbstractEntityManagerFactoryBean [main] Initialized JPA EntityManagerFactory for persistence unit 'default'
2024-03-14 13:54:43,332 INFO com.rms.rmsbackend.configs.FirebaseConfig [main] Trying to initialize firebase connection.
2024-03-14 13:54:43,530 INFO com.rms.rmsbackend.configs.FirebaseConfig [main] Successfully initialize firebase connection.
2024-03-14 13:54:43,533 INFO com.rms.rmsbackend.configs.StripeConfig [main] Trying to initialize Stripe API key.
2024-03-14 13:54:43,535 INFO com.rms.rmsbackend.configs.StripeConfig [main] Successfully initialize Stripe API key.
2024-03-14 13:54:46,545 INFO org.springframework.boot.actuate.endpoint.web.EndpointLinksResolver [main] Exposing 3 endpoint(s) beneath base path '/actuator'
2024-03-14 13:54:46,643 INFO org.springframework.security.web.DefaultSecurityFilterChain [main] Will secure any request with [org.springframework.security.web.session.DisableEncodeUrlFilter@7a2d676e, org.springframework.security.web.context.request.async.WebAsyncManagerIntegrationFilter@7e5a8000, org.springframework.security.web.context.SecurityContextPersistenceFilter@245a90b1, org.springframework.security.web.header.HeaderWriterFilter@53c68ea5, org.springframework.web.filter.CorsFilter@6970687e, org.springframework.security.web.authentication.logout.LogoutFilter@2296ed0d, com.rms.rmsbackend.securities.JwtAuthenticationTokenFilter@44afefd5, org.springframework.security.web.savedrequest.RequestCacheAwareFilter@bf2f2ce, org.springframework.security.web.servletapi.SecurityContextHolderAwareRequestFilter@7b1d3a05, org.springframework.security.web.authentication.AnonymousAuthenticationFilter@a6f34f5, org.springframework.security.web.session.SessionManagementFilter@26bd2d7d, org.springframework.security.web.access.ExceptionTranslationFilter@65c97eeb, org.springframework.security.web.access.intercept.FilterSecurityInterceptor@502a9b30]
2024-03-14 13:54:46,666 WARN org.springframework.security.config.annotation.web.builders.WebSecurity [main] You are asking Spring Security to ignore Ant [pattern='/']. This is not recommended -- please use permitAll via HttpSecurity#authorizeHttpRequests instead.
2024-03-14 13:54:46,667 INFO org.springframework.security.web.DefaultSecurityFilterChain [main] Will not secure Ant [pattern='/']
2024-03-14 13:54:46,668 WARN org.springframework.security.config.annotation.web.builders.WebSecurity [main] You are asking Spring Security to ignore Ant [pattern='/api/1.0.0']. This is not recommended -- please use permitAll via HttpSecurity#authorizeHttpRequests instead.
2024-03-14 13:54:46,669 INFO org.springframework.security.web.DefaultSecurityFilterChain [main] Will not secure Ant [pattern='/api/1.0.0']
2024-03-14 13:54:46,669 WARN org.springframework.security.config.annotation.web.builders.WebSecurity [main] You are asking Spring Security to ignore Ant [pattern='/error']. This is not recommended -- please use permitAll via HttpSecurity#authorizeHttpRequests instead.
2024-03-14 13:54:46,670 INFO org.springframework.security.web.DefaultSecurityFilterChain [main] Will not secure Ant [pattern='/error']
2024-03-14 13:54:46,670 WARN org.springframework.security.config.annotation.web.builders.WebSecurity [main] You are asking Spring Security to ignore Ant [pattern='/swagger-*/**']. This is not recommended -- please use permitAll via HttpSecurity#authorizeHttpRequests instead.
2024-03-14 13:54:46,670 INFO org.springframework.security.web.DefaultSecurityFilterChain [main] Will not secure Ant [pattern='/swagger-*/**']
2024-03-14 13:54:46,671 WARN org.springframework.security.config.annotation.web.builders.WebSecurity [main] You are asking Spring Security to ignore Ant [pattern='/webjars/**']. This is not recommended -- please use permitAll via HttpSecurity#authorizeHttpRequests instead.
2024-03-14 13:54:46,671 INFO org.springframework.security.web.DefaultSecurityFilterChain [main] Will not secure Ant [pattern='/webjars/**']
2024-03-14 13:54:46,671 WARN org.springframework.security.config.annotation.web.builders.WebSecurity [main] You are asking Spring Security to ignore Ant [pattern='/v3/api-docs/**']. This is not recommended -- please use permitAll via HttpSecurity#authorizeHttpRequests instead.
2024-03-14 13:54:46,672 INFO org.springframework.security.web.DefaultSecurityFilterChain [main] Will not secure Ant [pattern='/v3/api-docs/**']
2024-03-14 13:54:46,672 WARN org.springframework.security.config.annotation.web.builders.WebSecurity [main] You are asking Spring Security to ignore Ant [pattern='/csrf']. This is not recommended -- please use permitAll via HttpSecurity#authorizeHttpRequests instead.
2024-03-14 13:54:46,673 INFO org.springframework.security.web.DefaultSecurityFilterChain [main] Will not secure Ant [pattern='/csrf']
2024-03-14 13:54:46,673 WARN org.springframework.security.config.annotation.web.builders.WebSecurity [main] You are asking Spring Security to ignore Ant [pattern='/favicon.ico']. This is not recommended -- please use permitAll via HttpSecurity#authorizeHttpRequests instead.
2024-03-14 13:54:46,673 INFO org.springframework.security.web.DefaultSecurityFilterChain [main] Will not secure Ant [pattern='/favicon.ico']
2024-03-14 13:54:47,488 INFO org.apache.juli.logging.DirectJDKLog [main] Starting ProtocolHandler ["http-nio-8050"]
2024-03-14 13:54:47,500 WARN org.springframework.context.support.AbstractApplicationContext [main] Exception encountered during context initialization - cancelling refresh attempt: org.springframework.context.ApplicationContextException: Failed to start bean 'webServerStartStop'; nested exception is org.springframework.boot.web.server.PortInUseException: Port 8050 is already in use
2024-03-14 13:54:47,605 INFO org.springframework.orm.jpa.AbstractEntityManagerFactoryBean [main] Closing JPA EntityManagerFactory for persistence unit 'default'
2024-03-14 13:54:47,610 INFO com.zaxxer.hikari.HikariDataSource [main] HikariPool-1 - Shutdown initiated...
2024-03-14 13:54:47,617 INFO com.zaxxer.hikari.HikariDataSource [main] HikariPool-1 - Shutdown completed.
2024-03-14 13:54:47,621 INFO org.apache.juli.logging.DirectJDKLog [main] Pausing ProtocolHandler ["http-nio-8050"]
2024-03-14 13:54:47,622 INFO org.apache.juli.logging.DirectJDKLog [main] Stopping service [Tomcat]
2024-03-14 13:54:47,627 INFO org.apache.juli.logging.DirectJDKLog [main] Stopping ProtocolHandler ["http-nio-8050"]
2024-03-14 13:54:47,628 INFO org.apache.juli.logging.DirectJDKLog [main] Destroying ProtocolHandler ["http-nio-8050"]
2024-03-14 13:54:47,650 INFO org.springframework.boot.autoconfigure.logging.ConditionEvaluationReportLoggingListener [main] 

Error starting ApplicationContext. To display the conditions report re-run your application with 'debug' enabled.
2024-03-14 13:54:47,690 ERROR org.springframework.boot.diagnostics.LoggingFailureAnalysisReporter [main] 

***************************
APPLICATION FAILED TO START
***************************

Description:

Web server failed to start. Port 8050 was already in use.

Action:

Identify and stop the process that's listening on port 8050 or configure this application to listen on another port.

2024-03-14 15:59:19,744 INFO org.springframework.orm.jpa.AbstractEntityManagerFactoryBean [SpringApplicationShutdownHook] Closing JPA EntityManagerFactory for persistence unit 'default'
2024-03-14 15:59:19,758 INFO com.zaxxer.hikari.HikariDataSource [SpringApplicationShutdownHook] HikariPool-1 - Shutdown initiated...
2024-03-14 15:59:19,767 INFO com.zaxxer.hikari.HikariDataSource [SpringApplicationShutdownHook] HikariPool-1 - Shutdown completed.
